2021-07-01 02:44:29,595 INFO     errbot.bootstrap          Found Storage plugin: Shelf.
2021-07-01 02:44:29,604 INFO     errbot.bootstrap          Found Backend plugin: Text
2021-07-01 02:44:29,604 DEBUG    errbot.storage            Opening storage 'repomgr'
2021-07-01 02:44:29,604 DEBUG    errbot.storage.shelf      Open shelf storage /workspace/ARC-8/data/repomgr.db
2021-07-01 02:44:29,731 DEBUG    errbot.core               ErrBot init.
2021-07-01 02:44:29,731 DEBUG    errbot.backends.base      Backend init.
2021-07-01 02:44:29,737 DEBUG    errbot.core               created a thread pool of size 10.
2021-07-01 02:44:29,739 DEBUG    errbot.backends.text      Text Backend Init.
2021-07-01 02:44:29,739 DEBUG    errbot.backends.text      Bot username set at @errbot.
2021-07-01 02:44:29,742 DEBUG    MARKDOWN                  Successfully loaded extension "markdown.extensions.fenced_code.FencedCodeExtension".
2021-07-01 02:44:29,743 DEBUG    MARKDOWN                  Successfully loaded extension "markdown.extensions.footnotes.FootnoteExtension".
2021-07-01 02:44:29,743 DEBUG    MARKDOWN                  Successfully loaded extension "markdown.extensions.attr_list.AttrListExtension".
2021-07-01 02:44:29,744 DEBUG    MARKDOWN                  Successfully loaded extension "markdown.extensions.def_list.DefListExtension".
2021-07-01 02:44:29,745 DEBUG    MARKDOWN                  Successfully loaded extension "markdown.extensions.tables.TableExtension".
2021-07-01 02:44:29,745 DEBUG    MARKDOWN                  Successfully loaded extension "markdown.extensions.abbr.AbbrExtension".
2021-07-01 02:44:29,746 DEBUG    MARKDOWN                  Successfully loaded extension "markdown.extensions.md_in_html.MarkdownInHtmlExtension".
2021-07-01 02:44:29,746 DEBUG    MARKDOWN                  Successfully loaded extension "markdown.extensions.extra.ExtraExtension".
2021-07-01 02:44:29,746 DEBUG    MARKDOWN                  Successfully loaded extension "errbot.rendering.ansiext.AnsiExtension".
2021-07-01 02:44:29,768 DEBUG    errbot.storage            Opening storage 'core'
2021-07-01 02:44:29,768 DEBUG    errbot.storage.shelf      Open shelf storage /workspace/ARC-8/data/core.db
2021-07-01 02:44:29,784 DEBUG    errbot.core               Initializing backend storage
2021-07-01 02:44:29,784 DEBUG    errbot.storage            Opening storage 'text_backend'
2021-07-01 02:44:29,784 DEBUG    errbot.storage.shelf      Open shelf storage /workspace/ARC-8/data/text_backend.db
2021-07-01 02:44:29,802 DEBUG    errbot.plugin_manager     New entries added to sys.path:
2021-07-01 02:44:29,802 DEBUG    errbot.plugin_manager     /workspace/.pip-modules/lib/python3.8/site-packages/errbot/core_plugins
2021-07-01 02:44:29,802 DEBUG    errbot.plugin_manager     /workspace/ARC-8/plugins/err-example
2021-07-01 02:44:29,804 DEBUG    errbot.plugins.Utils      Logger for plugin initialized...
2021-07-01 02:44:29,805 DEBUG    errbot.plugins.ACLs       Logger for plugin initialized...
2021-07-01 02:44:29,806 DEBUG    errbot.plugins.Plugins    Logger for plugin initialized...
2021-07-01 02:44:29,807 DEBUG    errbot.plugins.CommandNotFoundFilter Logger for plugin initialized...
2021-07-01 02:44:29,859 DEBUG    errbot.plugins.VersionChecker Logger for plugin initialized...
2021-07-01 02:44:29,860 DEBUG    errbot.plugins.Backup     Logger for plugin initialized...
2021-07-01 02:44:30,044 INFO     errbot                    webhooks:  Flag to bind /echo to echo
2021-07-01 02:44:30,044 DEBUG    errbot.plugins.Webserver  Logger for plugin initialized...
2021-07-01 02:44:30,045 DEBUG    errbot.plugins.TextCmds   Logger for plugin initialized...
2021-07-01 02:44:30,046 DEBUG    errbot.plugins.ChatRoom   Logger for plugin initialized...
2021-07-01 02:44:30,049 DEBUG    errbot.plugins.Health     Logger for plugin initialized...
2021-07-01 02:44:30,050 DEBUG    errbot.plugins.Help       Logger for plugin initialized...
2021-07-01 02:44:30,053 DEBUG    errbot.plugins.Flows      Logger for plugin initialized...
2021-07-01 02:44:30,055 DEBUG    errbot.plugins.Example    Logger for plugin initialized...
2021-07-01 02:44:30,055 DEBUG    errbot.bootstrap          Start serving commands from the text backend.
2021-07-01 02:44:30,059 INFO     errbot.core               Activate internal commands
2021-07-01 02:44:30,059 INFO     errbot.plugin_manager     Activate bot plugins...
2021-07-01 02:44:30,059 INFO     errbot.plugin_manager     Activate plugin: Utils.
2021-07-01 02:44:30,060 DEBUG    errbot.templating         Templates directory found for this plugin [/workspace/.pip-modules/lib/python3.8/site-packages/errbot/core_plugins/templates]
2021-07-01 02:44:30,060 DEBUG    errbot.botplugin          Init storage for Utils.
2021-07-01 02:44:30,060 DEBUG    errbot.storage            Opening storage 'Utils'
2021-07-01 02:44:30,060 DEBUG    errbot.storage.shelf      Open shelf storage /workspace/ARC-8/data/Utils.db
2021-07-01 02:44:30,083 DEBUG    errbot.core               Adding command : echo -> echo.
2021-07-01 02:44:30,083 DEBUG    errbot.core               Adding command : history -> history.
2021-07-01 02:44:30,083 DEBUG    errbot.core               Adding command : log_tail -> log_tail.
2021-07-01 02:44:30,083 DEBUG    errbot.core               Adding command : render_test -> render_test.
2021-07-01 02:44:30,083 DEBUG    errbot.core               Adding command : whoami -> whoami.
2021-07-01 02:44:30,083 INFO     errbot.core_plugins.wsview Checking Utils for webhooks
2021-07-01 02:44:30,084 INFO     errbot.plugin_manager     Activate plugin: ACLs.
2021-07-01 02:44:30,084 DEBUG    errbot.templating         Templates directory found for this plugin [/workspace/.pip-modules/lib/python3.8/site-packages/errbot/core_plugins/templates]
2021-07-01 02:44:30,084 DEBUG    errbot.botplugin          Init storage for ACLs.
2021-07-01 02:44:30,084 DEBUG    errbot.storage            Opening storage 'ACLs'
2021-07-01 02:44:30,084 DEBUG    errbot.storage.shelf      Open shelf storage /workspace/ARC-8/data/ACLs.db
2021-07-01 02:44:30,115 DEBUG    errbot.core               Adding command filter: acls
2021-07-01 02:44:30,115 INFO     errbot.core_plugins.wsview Checking ACLS for webhooks
2021-07-01 02:44:30,115 INFO     errbot.plugin_manager     Activate plugin: Plugins.
2021-07-01 02:44:30,116 DEBUG    errbot.templating         Templates directory found for this plugin [/workspace/.pip-modules/lib/python3.8/site-packages/errbot/core_plugins/templates]
2021-07-01 02:44:30,116 DEBUG    errbot.botplugin          Init storage for Plugins.
2021-07-01 02:44:30,116 DEBUG    errbot.storage            Opening storage 'Plugins'
2021-07-01 02:44:30,116 DEBUG    errbot.storage.shelf      Open shelf storage /workspace/ARC-8/data/Plugins.db
2021-07-01 02:44:30,145 DEBUG    errbot.core               Adding command : plugin_activate -> plugin_activate.
2021-07-01 02:44:30,145 DEBUG    errbot.core               Adding command : plugin_blacklist -> plugin_blacklist.
2021-07-01 02:44:30,145 DEBUG    errbot.core               Adding command : plugin_config -> plugin_config.
2021-07-01 02:44:30,145 DEBUG    errbot.core               Adding command : plugin_deactivate -> plugin_deactivate.
2021-07-01 02:44:30,145 DEBUG    errbot.core               Adding command : plugin_info -> plugin_info.
2021-07-01 02:44:30,145 DEBUG    errbot.core               Adding command : plugin_reload -> plugin_reload.
2021-07-01 02:44:30,145 DEBUG    errbot.core               Adding command : plugin_unblacklist -> plugin_unblacklist.
2021-07-01 02:44:30,145 DEBUG    errbot.core               Adding command : repos -> repos.
2021-07-01 02:44:30,145 DEBUG    errbot.core               Adding command : repos_install -> repos_install.
2021-07-01 02:44:30,145 DEBUG    errbot.core               Adding command : repos_search -> repos_search.
2021-07-01 02:44:30,145 DEBUG    errbot.core               Adding command : repos_uninstall -> repos_uninstall.
2021-07-01 02:44:30,145 DEBUG    errbot.core               Adding command : repos_update -> repos_update.
2021-07-01 02:44:30,146 INFO     errbot.core_plugins.wsview Checking Plugins for webhooks
2021-07-01 02:44:30,146 INFO     errbot.plugin_manager     Activate plugin: CommandNotFoundFilter.
2021-07-01 02:44:30,146 DEBUG    errbot.templating         Templates directory found for this plugin [/workspace/.pip-modules/lib/python3.8/site-packages/errbot/core_plugins/templates]
2021-07-01 02:44:30,146 DEBUG    errbot.botplugin          Init storage for CommandNotFoundFilter.
2021-07-01 02:44:30,146 DEBUG    errbot.storage            Opening storage 'CommandNotFoundFilter'
2021-07-01 02:44:30,146 DEBUG    errbot.storage.shelf      Open shelf storage /workspace/ARC-8/data/CommandNotFoundFilter.db
2021-07-01 02:44:30,171 DEBUG    errbot.core               Adding command filter: cnf_filter
2021-07-01 02:44:30,171 INFO     errbot.core_plugins.wsview Checking CommandNotFoundFilter for webhooks
2021-07-01 02:44:30,171 INFO     errbot.plugin_manager     Activate plugin: VersionChecker.
2021-07-01 02:44:30,171 DEBUG    errbot.templating         Templates directory found for this plugin [/workspace/.pip-modules/lib/python3.8/site-packages/errbot/core_plugins/templates]
2021-07-01 02:44:30,171 INFO     errbot.plugins.VersionChecker Skip version checking under text mode.
2021-07-01 02:44:30,172 INFO     errbot.core_plugins.wsview Checking VersionChecker for webhooks
2021-07-01 02:44:30,172 INFO     errbot.plugin_manager     Activate plugin: Backup.
2021-07-01 02:44:30,172 DEBUG    errbot.templating         Templates directory found for this plugin [/workspace/.pip-modules/lib/python3.8/site-packages/errbot/core_plugins/templates]
2021-07-01 02:44:30,172 DEBUG    errbot.botplugin          Init storage for Backup.
2021-07-01 02:44:30,172 DEBUG    errbot.storage            Opening storage 'Backup'
2021-07-01 02:44:30,172 DEBUG    errbot.storage.shelf      Open shelf storage /workspace/ARC-8/data/Backup.db
2021-07-01 02:44:30,184 DEBUG    errbot.core               Adding command : backup -> backup.
2021-07-01 02:44:30,185 INFO     errbot.core_plugins.wsview Checking Backup for webhooks
2021-07-01 02:44:30,185 INFO     errbot.plugin_manager     Activate plugin: Webserver.
2021-07-01 02:44:30,185 DEBUG    errbot.templating         Templates directory found for this plugin [/workspace/.pip-modules/lib/python3.8/site-packages/errbot/core_plugins/templates]
2021-07-01 02:44:30,185 INFO     errbot.plugins.Webserver  Webserver is not configured. Forbid activation
2021-07-01 02:44:30,185 INFO     errbot.core_plugins.wsview Checking Webserver for webhooks
2021-07-01 02:44:30,185 INFO     errbot.core_plugins.wsview Webhook routing echo
2021-07-01 02:44:30,187 INFO     errbot.plugin_manager     Activate plugin: TextCmds.
2021-07-01 02:44:30,187 DEBUG    errbot.templating         Templates directory found for this plugin [/workspace/.pip-modules/lib/python3.8/site-packages/errbot/core_plugins/templates]
2021-07-01 02:44:30,187 DEBUG    errbot.botplugin          Init storage for TextCmds.
2021-07-01 02:44:30,187 DEBUG    errbot.storage            Opening storage 'TextCmds'
2021-07-01 02:44:30,187 DEBUG    errbot.storage.shelf      Open shelf storage /workspace/ARC-8/data/TextCmds.db
2021-07-01 02:44:30,201 DEBUG    errbot.core               Adding command : asadmin -> asadmin.
2021-07-01 02:44:30,201 DEBUG    errbot.core               Adding command : asuser -> asuser.
2021-07-01 02:44:30,201 DEBUG    errbot.core               Adding command : inperson -> inperson.
2021-07-01 02:44:30,201 DEBUG    errbot.core               Adding command : inroom -> inroom.
2021-07-01 02:44:30,201 DEBUG    errbot.core               Adding command : ml -> ml.
2021-07-01 02:44:30,202 INFO     errbot.core_plugins.wsview Checking TextModeCmds for webhooks
2021-07-01 02:44:30,203 INFO     errbot.plugin_manager     Activate plugin: ChatRoom.
2021-07-01 02:44:30,203 DEBUG    errbot.templating         Templates directory found for this plugin [/workspace/.pip-modules/lib/python3.8/site-packages/errbot/core_plugins/templates]
2021-07-01 02:44:30,203 DEBUG    errbot.botplugin          Init storage for ChatRoom.
2021-07-01 02:44:30,203 DEBUG    errbot.storage            Opening storage 'ChatRoom'
2021-07-01 02:44:30,203 DEBUG    errbot.storage.shelf      Open shelf storage /workspace/ARC-8/data/ChatRoom.db
2021-07-01 02:44:30,216 DEBUG    errbot.core               Adding command : room_create -> room_create.
2021-07-01 02:44:30,216 DEBUG    errbot.core               Adding command : room_destroy -> room_destroy.
2021-07-01 02:44:30,216 DEBUG    errbot.core               Adding command : room_invite -> room_invite.
2021-07-01 02:44:30,216 DEBUG    errbot.core               Adding command : room_join -> room_join.
2021-07-01 02:44:30,216 DEBUG    errbot.core               Adding command : room_leave -> room_leave.
2021-07-01 02:44:30,217 DEBUG    errbot.core               Adding command : room_list -> room_list.
2021-07-01 02:44:30,217 DEBUG    errbot.core               Adding command : room_occupants -> room_occupants.
2021-07-01 02:44:30,217 DEBUG    errbot.core               Adding command : room_topic -> room_topic.
2021-07-01 02:44:30,217 INFO     errbot.core_plugins.wsview Checking ChatRoom for webhooks
2021-07-01 02:44:30,217 INFO     errbot.plugins.ChatRoom   Connecting bot chatrooms
2021-07-01 02:44:30,217 INFO     errbot.plugin_manager     Activate plugin: Health.
2021-07-01 02:44:30,217 DEBUG    errbot.templating         Templates directory found for this plugin [/workspace/.pip-modules/lib/python3.8/site-packages/errbot/core_plugins/templates]
2021-07-01 02:44:30,218 DEBUG    errbot.botplugin          Init storage for Health.
2021-07-01 02:44:30,218 DEBUG    errbot.storage            Opening storage 'Health'
2021-07-01 02:44:30,218 DEBUG    errbot.storage.shelf      Open shelf storage /workspace/ARC-8/data/Health.db
2021-07-01 02:44:30,230 DEBUG    errbot.core               Adding command : restart -> restart.
2021-07-01 02:44:30,230 DEBUG    errbot.core               Adding command : shutdown -> shutdown.
2021-07-01 02:44:30,230 DEBUG    errbot.core               Adding command : status -> status.
2021-07-01 02:44:30,230 DEBUG    errbot.core               Adding command : status_gc -> status_gc.
2021-07-01 02:44:30,230 DEBUG    errbot.core               Adding command : status_load -> status_load.
2021-07-01 02:44:30,230 DEBUG    errbot.core               Adding command : status_plugins -> status_plugins.
2021-07-01 02:44:30,230 DEBUG    errbot.core               Adding command : uptime -> uptime.
2021-07-01 02:44:30,230 INFO     errbot.core_plugins.wsview Checking Health for webhooks
2021-07-01 02:44:30,230 INFO     errbot.plugin_manager     Activate plugin: Help.
2021-07-01 02:44:30,231 DEBUG    errbot.templating         Templates directory found for this plugin [/workspace/.pip-modules/lib/python3.8/site-packages/errbot/core_plugins/templates]
2021-07-01 02:44:30,231 DEBUG    errbot.botplugin          Init storage for Help.
2021-07-01 02:44:30,231 DEBUG    errbot.storage            Opening storage 'Help'
2021-07-01 02:44:30,231 DEBUG    errbot.storage.shelf      Open shelf storage /workspace/ARC-8/data/Help.db
2021-07-01 02:44:30,243 DEBUG    errbot.core               Adding command : about -> about.
2021-07-01 02:44:30,243 DEBUG    errbot.core               Adding command : apropos -> apropos.
2021-07-01 02:44:30,243 DEBUG    errbot.core               Adding command : help -> help.
2021-07-01 02:44:30,243 INFO     errbot.core_plugins.wsview Checking Help for webhooks
2021-07-01 02:44:30,244 INFO     errbot.plugin_manager     Activate plugin: Flows.
2021-07-01 02:44:30,244 DEBUG    errbot.templating         Templates directory found for this plugin [/workspace/.pip-modules/lib/python3.8/site-packages/errbot/core_plugins/templates]
2021-07-01 02:44:30,244 DEBUG    errbot.botplugin          Init storage for Flows.
2021-07-01 02:44:30,244 DEBUG    errbot.storage            Opening storage 'Flows'
2021-07-01 02:44:30,244 DEBUG    errbot.storage.shelf      Open shelf storage /workspace/ARC-8/data/Flows.db
2021-07-01 02:44:30,256 DEBUG    errbot.core               Adding command : flows_kill -> flows_kill.
2021-07-01 02:44:30,256 DEBUG    errbot.core               Adding command : flows_list -> flows_list.
2021-07-01 02:44:30,257 DEBUG    errbot.core               Adding command : flows_show -> flows_show.
2021-07-01 02:44:30,257 DEBUG    errbot.core               Adding command : flows_start -> flows_start.
2021-07-01 02:44:30,257 DEBUG    errbot.core               Adding command : flows_status -> flows_status.
2021-07-01 02:44:30,257 DEBUG    errbot.core               Adding command : flows_stop -> flows_stop.
2021-07-01 02:44:30,257 INFO     errbot.core_plugins.wsview Checking Flows for webhooks
2021-07-01 02:44:30,257 INFO     errbot.plugin_manager     Activate plugin: Example.
2021-07-01 02:44:30,257 DEBUG    errbot.templating         No templates directory found for this plugin [Looking for /workspace/ARC-8/plugins/err-example/templates]
2021-07-01 02:44:30,257 DEBUG    errbot.botplugin          Init storage for Example.
2021-07-01 02:44:30,257 DEBUG    errbot.storage            Opening storage 'Example'
2021-07-01 02:44:30,258 DEBUG    errbot.storage.shelf      Open shelf storage /workspace/ARC-8/data/Example.db
2021-07-01 02:44:30,274 DEBUG    errbot.core               Adding command : tryme -> tryme.
2021-07-01 02:44:30,274 INFO     errbot.core_plugins.wsview Checking Example for webhooks
2021-07-01 02:44:30,275 DEBUG    errbot.plugin_manager     Activate flow plugins ...
2021-07-01 02:44:30,275 INFO     errbot.core               Notifying connection to all the plugins...
2021-07-01 02:44:30,275 DEBUG    errbot.core               Trigger callback_connect on Utils.
2021-07-01 02:44:30,275 DEBUG    errbot.core               Trigger callback_connect on ACLS.
2021-07-01 02:44:30,275 DEBUG    errbot.core               Trigger callback_connect on Plugins.
2021-07-01 02:44:30,275 DEBUG    errbot.core               Trigger callback_connect on CommandNotFoundFilter.
2021-07-01 02:44:30,275 DEBUG    errbot.core               Trigger callback_connect on Backup.
2021-07-01 02:44:30,275 DEBUG    errbot.core               Trigger callback_connect on TextModeCmds.
2021-07-01 02:44:30,275 DEBUG    errbot.core               Trigger callback_connect on ChatRoom.
2021-07-01 02:44:30,275 INFO     errbot.plugins.ChatRoom   Connecting bot chatrooms
2021-07-01 02:44:30,275 DEBUG    errbot.core               Trigger callback_connect on Health.
2021-07-01 02:44:30,275 DEBUG    errbot.core               Trigger callback_connect on Help.
2021-07-01 02:44:30,275 DEBUG    errbot.core               Trigger callback_connect on Flows.
2021-07-01 02:44:30,275 DEBUG    errbot.core               Trigger callback_connect on Example.
2021-07-01 02:44:30,275 INFO     errbot.core               Plugin activation done.
2021-07-01 02:44:30,275 DEBUG    errbot.core               Triggering callback_presence on Utils.
2021-07-01 02:44:30,276 DEBUG    errbot.core               Triggering callback_presence on ACLs.
2021-07-01 02:44:30,276 DEBUG    errbot.core               Triggering callback_presence on Plugins.
2021-07-01 02:44:30,276 DEBUG    errbot.core               Triggering callback_presence on CommandNotFoundFilter.
2021-07-01 02:44:30,276 DEBUG    errbot.core               Triggering callback_presence on Backup.
2021-07-01 02:44:30,276 DEBUG    errbot.core               Triggering callback_presence on TextCmds.
2021-07-01 02:44:30,276 DEBUG    errbot.core               Triggering callback_presence on ChatRoom.
2021-07-01 02:44:30,276 DEBUG    errbot.core               Triggering callback_presence on Health.
2021-07-01 02:44:30,276 DEBUG    errbot.core               Triggering callback_presence on Help.
2021-07-01 02:44:30,276 DEBUG    errbot.core               Triggering callback_presence on Flows.
2021-07-01 02:44:30,276 DEBUG    errbot.core               Triggering callback_presence on Example.
